<?xml version="1.0" encoding="UTF-8"?>
<!-- Generated by org.testng.reporters.JUnitReportReporter -->
<testsuite hostname="DESKTOP-CT19SLH" failures="0" tests="1" name="com.inetbanking.testcases.AddNewCustomerTC_001" time="35.969" errors="0" timestamp="2022-04-20T19:22:01 IST" skipped="0">
  <testcase classname="com.inetbanking.testcases.AddNewCustomerTC_001" name="AddNewCustomerTest" time="35.969"/>
  <system-out/>
</testsuite> <!-- com.inetbanking.testcases.AddNewCustomerTC_001 -->
