<?xml version="1.0" encoding="UTF-8"?>
<!-- Generated by org.testng.reporters.JUnitReportReporter -->
<testsuite hostname="DESKTOP-CT19SLH" failures="0" tests="3" name="com.inetbanking.testcases.HomeTC_001" time="10.214" errors="0" timestamp="2022-04-10T15:48:34 IST" skipped="1">
  <testcase classname="com.inetbanking.testcases.HomeTC_001" name="verifyLoginFuctionalityTC001" time="5.997"/>
  <system-out/>
  <testcase classname="com.inetbanking.testcases.HomeTC_001" name="verifyLogoutFunctionality" time="4.217"/>
  <system-out/>
  <testcase classname="com.inetbanking.testcases.HomeTC_001" name="navigateToEditCustomerPage">
    <skipped/>
  </testcase> <!-- navigateToEditCustomerPage -->
  <system-out/>
</testsuite> <!-- com.inetbanking.testcases.HomeTC_001 -->
