<?xml version="1.0" encoding="UTF-8"?>
<!-- Generated by org.testng.reporters.JUnitReportReporter -->
<testsuite hostname="DESKTOP-CT19SLH" failures="0" tests="1" name="com.inetbanking.testcases.DemoTest" time="0.015" errors="0" timestamp="2022-04-01T22:34:43 IST" skipped="0">
  <testcase classname="com.inetbanking.testcases.DemoTest" name="test" time="0.015"/>
  <system-out/>
</testsuite> <!-- com.inetbanking.testcases.DemoTest -->
